<?xml version="1.0" encoding="UTF-8"?>
<!-- Generated by org.testng.reporters.JUnitXMLReporter -->
<testsuite hostname="DESKTOP-BM4NCDP" ignored="0" name="Default test" tests="5" failures="0" timestamp="10 Jan 2021 16:25:05 GMT" time="9.071" errors="0">
  <testcase name="getRepoByUsername" time="3.309" classname="com.GitApiTest.gitApiTest"/>
  <testcase name="getRepoInfo" time="0.801" classname="com.GitApiTest.gitApiTest"/>
  <testcase name="getRepoTest" time="0.889" classname="com.GitApiTest.gitApiTest"/>
  <testcase name="postRepo" time="2.908" classname="com.GitApiTest.gitApiTest"/>
  <testcase name="updateRepo" time="1.052" classname="com.GitApiTest.gitApiTest"/>
</testsuite> <!-- Default test -->
