<?xml version="1.0" encoding="UTF-8"?>
<!-- Generated by org.testng.reporters.JUnitXMLReporter -->
<testsuite hostname="DESKTOP-BM4NCDP" ignored="0" name="Default test" tests="4" failures="0" timestamp="09 Jan 2021 17:21:39 GMT" time="8.226" errors="0">
  <testcase name="getRepoByUsername" time="3.201" classname="com.GitApiTest.gitApiTest"/>
  <testcase name="getRepoInfo" time="0.788" classname="com.GitApiTest.gitApiTest"/>
  <testcase name="getRepoTest" time="0.848" classname="com.GitApiTest.gitApiTest"/>
  <testcase name="postRepo" time="3.322" classname="com.GitApiTest.gitApiTest"/>
</testsuite> <!-- Default test -->
