<?xml version="1.0" encoding="UTF-8"?>
<!-- Generated by org.testng.reporters.JUnitXMLReporter -->
<testsuite hostname="DESKTOP-BM4NCDP" ignored="0" name="Test" tests="3" failures="0" timestamp="09 Jan 2021 16:41:51 GMT" time="6.14" errors="0">
  <testcase name="getRepoByUsername" time="4.393" classname="com.GitApiTest.gitApiTest"/>
  <testcase name="getRepoInfo" time="0.872" classname="com.GitApiTest.gitApiTest"/>
  <testcase name="getRepoTest" time="0.829" classname="com.GitApiTest.gitApiTest"/>
</testsuite> <!-- Test -->
