<?xml version="1.0" encoding="UTF-8"?>
<testng-results skipped="0" failed="0" ignored="0" total="4" passed="4">
  <reporter-output>
  </reporter-output>
  <suite name="Default suite" duration-ms="8226" started-at="2021-01-09T17:21:30Z" finished-at="2021-01-09T17:21:39Z">
    <groups>
    </groups>
    <test name="Default test" duration-ms="8226" started-at="2021-01-09T17:21:30Z" finished-at="2021-01-09T17:21:39Z">
      <class name="com.GitApiTest.gitApiTest">
        <test-method status="PASS" signature="setUp()[pri:0, instance:com.GitApiTest.gitApiTest@27efef64]" name="setUp" is-config="true" duration-ms="14" started-at="2021-01-09T22:51:30Z" finished-at="2021-01-09T22:51:30Z">
          <reporter-output>
          </reporter-output>
        </test-method> <!-- setUp -->
        <test-method status="PASS" signature="getRepoByUsername()[pri:0, instance:com.GitApiTest.gitApiTest@27efef64]" name="getRepoByUsername" duration-ms="3201" started-at="2021-01-09T22:51:30Z" finished-at="2021-01-09T22:51:34Z">
          <reporter-output>
          </reporter-output>
        </test-method> <!-- getRepoByUsername -->
        <test-method status="PASS" signature="getRepoInfo()[pri:0, instance:com.GitApiTest.gitApiTest@27efef64]" name="getRepoInfo" duration-ms="788" started-at="2021-01-09T22:51:34Z" finished-at="2021-01-09T22:51:34Z">
          <reporter-output>
          </reporter-output>
        </test-method> <!-- getRepoInfo -->
        <test-method status="PASS" signature="setUp()[pri:0, instance:com.GitApiTest.gitApiTest@27efef64]" name="setUp" is-config="true" duration-ms="0" started-at="2021-01-09T22:51:34Z" finished-at="2021-01-09T22:51:34Z">
          <reporter-output>
          </reporter-output>
        </test-method> <!-- setUp -->
        <test-method status="PASS" signature="setUp()[pri:0, instance:com.GitApiTest.gitApiTest@27efef64]" name="setUp" is-config="true" duration-ms="1" started-at="2021-01-09T22:51:34Z" finished-at="2021-01-09T22:51:34Z">
          <reporter-output>
          </reporter-output>
        </test-method> <!-- setUp -->
        <test-method status="PASS" signature="getRepoTest()[pri:0, instance:com.GitApiTest.gitApiTest@27efef64]" name="getRepoTest" duration-ms="848" started-at="2021-01-09T22:51:34Z" finished-at="2021-01-09T22:51:35Z">
          <reporter-output>
          </reporter-output>
        </test-method> <!-- getRepoTest -->
        <test-method status="PASS" signature="setUp()[pri:0, instance:com.GitApiTest.gitApiTest@27efef64]" name="setUp" is-config="true" duration-ms="1" started-at="2021-01-09T22:51:35Z" finished-at="2021-01-09T22:51:35Z">
          <reporter-output>
          </reporter-output>
        </test-method> <!-- setUp -->
        <test-method status="PASS" signature="postRepo()[pri:0, instance:com.GitApiTest.gitApiTest@27efef64]" name="postRepo" duration-ms="3322" started-at="2021-01-09T22:51:35Z" finished-at="2021-01-09T22:51:39Z">
          <reporter-output>
          </reporter-output>
        </test-method> <!-- postRepo -->
      </class> <!-- com.GitApiTest.gitApiTest -->
    </test> <!-- Default test -->
  </suite> <!-- Default suite -->
</testng-results>
