<?xml version="1.0" encoding="UTF-8"?>
<testng-results skipped="0" failed="0" ignored="0" total="5" passed="5">
  <reporter-output>
  </reporter-output>
  <suite name="Default suite" duration-ms="9071" started-at="2021-01-10T16:24:56Z" finished-at="2021-01-10T16:25:05Z">
    <groups>
    </groups>
    <test name="Default test" duration-ms="9071" started-at="2021-01-10T16:24:56Z" finished-at="2021-01-10T16:25:05Z">
      <class name="com.GitApiTest.gitApiTest">
        <test-method status="PASS" signature="setUp()[pri:0, instance:com.GitApiTest.gitApiTest@27efef64]" name="setUp" is-config="true" duration-ms="8" started-at="2021-01-10T21:54:56Z" finished-at="2021-01-10T21:54:56Z">
          <reporter-output>
          </reporter-output>
        </test-method> <!-- setUp -->
        <test-method status="PASS" signature="getRepoByUsername()[pri:0, instance:com.GitApiTest.gitApiTest@27efef64]" name="getRepoByUsername" duration-ms="3309" started-at="2021-01-10T21:54:56Z" finished-at="2021-01-10T21:54:59Z">
          <reporter-output>
          </reporter-output>
        </test-method> <!-- getRepoByUsername -->
        <test-method status="PASS" signature="getRepoInfo()[pri:0, instance:com.GitApiTest.gitApiTest@27efef64]" name="getRepoInfo" duration-ms="801" started-at="2021-01-10T21:54:59Z" finished-at="2021-01-10T21:55:00Z">
          <reporter-output>
          </reporter-output>
        </test-method> <!-- getRepoInfo -->
        <test-method status="PASS" signature="setUp()[pri:0, instance:com.GitApiTest.gitApiTest@27efef64]" name="setUp" is-config="true" duration-ms="0" started-at="2021-01-10T21:54:59Z" finished-at="2021-01-10T21:54:59Z">
          <reporter-output>
          </reporter-output>
        </test-method> <!-- setUp -->
        <test-method status="PASS" signature="setUp()[pri:0, instance:com.GitApiTest.gitApiTest@27efef64]" name="setUp" is-config="true" duration-ms="16" started-at="2021-01-10T21:55:00Z" finished-at="2021-01-10T21:55:00Z">
          <reporter-output>
          </reporter-output>
        </test-method> <!-- setUp -->
        <test-method status="PASS" signature="getRepoTest()[pri:0, instance:com.GitApiTest.gitApiTest@27efef64]" name="getRepoTest" duration-ms="889" started-at="2021-01-10T21:55:00Z" finished-at="2021-01-10T21:55:01Z">
          <reporter-output>
          </reporter-output>
        </test-method> <!-- getRepoTest -->
        <test-method status="PASS" signature="setUp()[pri:0, instance:com.GitApiTest.gitApiTest@27efef64]" name="setUp" is-config="true" duration-ms="0" started-at="2021-01-10T21:55:01Z" finished-at="2021-01-10T21:55:01Z">
          <reporter-output>
          </reporter-output>
        </test-method> <!-- setUp -->
        <test-method status="PASS" signature="postRepo()[pri:0, instance:com.GitApiTest.gitApiTest@27efef64]" name="postRepo" duration-ms="2908" started-at="2021-01-10T21:55:01Z" finished-at="2021-01-10T21:55:04Z">
          <reporter-output>
          </reporter-output>
        </test-method> <!-- postRepo -->
        <test-method status="PASS" signature="setUp()[pri:0, instance:com.GitApiTest.gitApiTest@27efef64]" name="setUp" is-config="true" duration-ms="0" started-at="2021-01-10T21:55:04Z" finished-at="2021-01-10T21:55:04Z">
          <reporter-output>
          </reporter-output>
        </test-method> <!-- setUp -->
        <test-method status="PASS" signature="updateRepo()[pri:0, instance:com.GitApiTest.gitApiTest@27efef64]" name="updateRepo" duration-ms="1052" started-at="2021-01-10T21:55:04Z" finished-at="2021-01-10T21:55:05Z">
          <reporter-output>
          </reporter-output>
        </test-method> <!-- updateRepo -->
      </class> <!-- com.GitApiTest.gitApiTest -->
    </test> <!-- Default test -->
  </suite> <!-- Default suite -->
</testng-results>
